{
  "RSpec": {
    "coverage": {
      "/Users/Luiza/workspace/time-janeiro/rent-bike/spec/features/user_register_in_website_spec.rb": [
        1,
        null,
        1,
        1,
        1,
        1,
        1,
        null,
        1,
        1,
        null,
        1,
        1,
        null,
        1,
        null,
        1,
        1,
        null,
        null,
        1,
        1,
        null,
        1,
        1,
        1,
        null,
        1,
        null,
        null,
        1,
        1,
        null,
        1,
        1,
        1,
        null,
        1,
        1,
        1,
        1,
        1,
        1,
        null,
        1,
        null,
        1,
        1,
        null,
        null,
        null
      ],
      "/Users/Luiza/workspace/time-janeiro/rent-bike/spec/features/user_rent_a_bike_spec.rb": [
        1,
        null,
        1,
        1,
        1,
        1,
        1,
        null,
        1,
        null,
        1,
        null,
        1,
        1,
        null,
        1,
        null,
        1,
        null,
        1,
        null,
        1,
        1,
        null,
        1,
        null,
        1,
        1,
        1,
        1,
        1,
        1,
        1,
        null,
        null,
        1,
        1,
        1,
        1,
        null,
        null,
        1,
        null,
        1,
        null,
        null,
        1,
        null,
        1,
        null,
        1,
        null,
        1,
        null,
        1,
        1,
        null,
        1,
        null,
        1,
        null,
        1,
        null,
        null
      ],
      "/Users/Luiza/workspace/time-janeiro/rent-bike/spec/features/user_search_bikes_spec.rb": [
        1,
        null,
        1,
        1,
        1,
        1,
        null,
        1,
        null,
        1,
        1,
        1,
        1,
        null,
        null,
        null
      ],
      "/Users/Luiza/workspace/time-janeiro/rent-bike/spec/features/user_view_bike_details_spec.rb": [
        1,
        null,
        1,
        1,
        null,
        1,
        1,
        null,
        1,
        1,
        null,
        1,
        1,
        1,
        1,
        1,
        1,
        1,
        null,
        null,
        null
      ],
      "/Users/Luiza/workspace/time-janeiro/rent-bike/spec/features/user_view_your_rental_history_spec.rb": [
        1,
        null,
        1,
        1,
        1,
        1,
        1,
        1,
        null,
        1,
        null,
        null,
        1,
        1,
        1,
        null,
        1,
        1,
        1,
        1,
        1,
        1,
        1,
        1,
        null,
        null,
        null,
        1,
        1,
        1,
        1,
        1,
        null,
        null,
        1,
        1,
        1,
        null,
        null,
        1,
        1,
        1,
        null,
        1,
        1,
        1,
        1,
        1,
        1,
        1,
        1,
        null,
        1,
        1,
        1,
        1,
        1,
        null,
        null,
        null,
        1,
        null,
        1,
        1,
        1,
        null,
        1,
        null,
        null,
        null
      ],
      "/Users/Luiza/workspace/time-janeiro/rent-bike/spec/features/user_views_available_dates_spec.rb": [
        1,
        null,
        1,
        1,
        1,
        1,
        null,
        null,
        1,
        1,
        null,
        1,
        1,
        1,
        1,
        1,
        1,
        1,
        null,
        null,
        null,
        1,
        1,
        null,
        1,
        1,
        1,
        1,
        null,
        null,
        1,
        null,
        1,
        1,
        1,
        1,
        1,
        1,
        1,
        null,
        null,
        null
      ],
      "/Users/Luiza/workspace/time-janeiro/rent-bike/app/models/bike.rb": [
        1,
        null,
        null
      ],
      "/Users/Luiza/workspace/time-janeiro/rent-bike/app/models/advertisement.rb": [
        1,
        1,
        1,
        null
      ],
      "/Users/Luiza/workspace/time-janeiro/rent-bike/app/controllers/bikes_controller.rb": [
        1,
        1,
        14,
        14,
        null,
        null
      ],
      "/Users/Luiza/workspace/time-janeiro/rent-bike/app/controllers/application_controller.rb": [
        1,
        1,
        1,
        null,
        1,
        null,
        1,
        10,
        null,
        null
      ],
      "/Users/Luiza/workspace/time-janeiro/rent-bike/app/controllers/advertisements_controller.rb": [
        1,
        null,
        null,
        1,
        8,
        8,
        8,
        8,
        56,
        null,
        8,
        null,
        null
      ],
      "/Users/Luiza/workspace/time-janeiro/rent-bike/app/models/rent.rb": [
        1,
        1,
        1,
        1,
        null
      ],
      "/Users/Luiza/workspace/time-janeiro/rent-bike/app/controllers/rents_controller.rb": [
        1,
        1,
        null,
        1,
        4,
        4,
        4,
        null,
        null,
        1,
        2,
        2,
        2,
        null,
        2,
        1,
        1,
        null,
        null,
        null,
        2,
        1,
        1,
        1,
        1,
        null,
        1,
        1,
        null,
        1,
        1,
        null,
        null,
        null,
        1,
        1,
        null,
        null,
        1,
        3,
        null,
        3,
        1,
        null,
        null,
        null,
        1,
        3,
        3,
        3,
        null,
        null,
        1,
        null,
        1,
        9,
        null,
        null
      ]
    },
    "timestamp": 1491350659
  }
}
