{
  "RSpec": {
    "coverage": {
      "/Users/campuscode6/workspace/rent-bike/spec/features/user_rent_a_bike_spec.rb": [
        1,
        null,
        1,
        1,
        1,
        1,
        1,
        null,
        1,
        null,
        1,
        null,
        1,
        1,
        null,
        1,
        null,
        1,
        null,
        1,
        null,
        1,
        1,
        null,
        1,
        null,
        1,
        1,
        1,
        1,
        1,
        1,
        1,
        null,
        null,
        1,
        null,
        1,
        1,
        1,
        null,
        1,
        1,
        null,
        null,
        1,
        1,
        1,
        1,
        null,
        1,
        1,
        null,
        1,
        null,
        1,
        null,
        null
      ],
      "/Users/campuscode6/workspace/rent-bike/spec/features/user_search_bikes_spec.rb": [
        1,
        null,
        1,
        1,
        1,
        1,
        null,
        1,
        null,
        1,
        1,
        1,
        1,
        null,
        null,
        null
      ],
      "/Users/campuscode6/workspace/rent-bike/spec/features/user_view_bike_details_spec.rb": [
        1,
        null,
        1,
        1,
        null,
        1,
        1,
        null,
        1,
        1,
        null,
        1,
        1,
        1,
        1,
        1,
        1,
        1,
        null,
        null,
        null
      ],
      "/Users/campuscode6/workspace/rent-bike/spec/features/user_view_your_rental_history_spec.rb": [
        1,
        null,
        1,
        1,
        1,
        1,
        1,
        1,
        null,
        1,
        null,
        null,
        1,
        1,
        1,
        null,
        1,
        1,
        1,
        1,
        1,
        1,
        1,
        1,
        null,
        null,
        null,
        1,
        1,
        1,
        1,
        1,
        null,
        null,
        1,
        1,
        1,
        null,
        null,
        1,
        1,
        1,
        null,
        1,
        1,
        1,
        1,
        1,
        1,
        1,
        1,
        null,
        1,
        1,
        1,
        1,
        1,
        null,
        null,
        null,
        1,
        null,
        1,
        1,
        1,
        null,
        1,
        null,
        null,
        null
      ],
      "/Users/campuscode6/workspace/rent-bike/spec/features/user_views_available_dates_spec.rb": [
        1,
        null,
        1,
        1,
        1,
        1,
        null,
        null,
        1,
        1,
        null,
        1,
        1,
        1,
        1,
        1,
        1,
        1,
        null,
        null,
        null,
        1,
        1,
        null,
        1,
        1,
        1,
        1,
        null,
        null,
        1,
        null,
        1,
        1,
        1,
        1,
        1,
        1,
        1,
        null,
        null,
        null
      ],
      "/Users/campuscode6/workspace/rent-bike/app/models/bike.rb": [
        1,
        null,
        null
      ],
      "/Users/campuscode6/workspace/rent-bike/app/models/advertisement.rb": [
        1,
        1,
        1,
        null
      ],
      "/Users/campuscode6/workspace/rent-bike/app/controllers/advertisements_controller.rb": [
        1,
        null,
        null,
        1,
        7,
        7,
        7,
        7,
        49,
        null,
        7,
        null,
        null
      ],
      "/Users/campuscode6/workspace/rent-bike/app/controllers/application_controller.rb": [
        1,
        1,
        1,
        null,
        1,
        null,
        1,
        8,
        null,
        null
      ],
      "/Users/campuscode6/workspace/rent-bike/app/models/rent.rb": [
        1,
        1,
        1,
        1,
        null
      ],
      "/Users/campuscode6/workspace/rent-bike/app/controllers/rents_controller.rb": [
        1,
        1,
        null,
        1,
        3,
        3,
        3,
        null,
        null,
        1,
        2,
        2,
        2,
        2,
        1,
        1,
        null,
        null,
        null,
        2,
        1,
        1,
        1,
        1,
        null,
        1,
        null,
        1,
        null,
        1,
        1,
        null,
        null,
        null,
        1,
        1,
        null,
        null,
        1,
        3,
        null,
        3,
        1,
        null,
        null,
        null,
        1,
        null,
        1,
        1,
        null,
        null
      ],
      "/Users/campuscode6/workspace/rent-bike/app/controllers/bikes_controller.rb": [
        1,
        1,
        12,
        12,
        null,
        null
      ]
    },
    "timestamp": 1490822978
  }
}
